2021-06-17 13:48:21.899  WARN 33314 --- [background-preinit] o.s.h.c.j.Jackson2ObjectMapperBuilder    : For Jackson Kotlin classes support please add "com.fasterxml.jackson.module:jackson-module-kotlin" to the classpath
2021-06-17 13:48:26.289  WARN 33314 --- [restartedMain] o.s.boot.StartupInfoLogger               : InetAddress.getLocalHost().getHostName() took 5006 milliseconds to respond. Please verify your network configuration (macOS machines may need to add entries to /etc/hosts).
2021-06-17 13:48:31.299  INFO 33314 --- [restartedMain] c.shopme.admin.ShopmeBackEndApplication  : Starting ShopmeBackEndApplication using Java 1.8.0_271 on JohnnydeMacBook-Air.local with PID 33314 (/Users/johnny/Desktop/Shopme/ShopmeProject/ShopmeWebParent/ShopmeBackEnd/target/classes started by johnny in /Users/johnny/Desktop/Shopme/ShopmeProject/ShopmeWebParent/ShopmeBackEnd)
2021-06-17 13:48:31.300  INFO 33314 --- [restartedMain] c.shopme.admin.ShopmeBackEndApplication  : No active profile set, falling back to default profiles: default
2021-06-17 13:48:31.384  INFO 33314 --- [restartedMain] .e.DevToolsPropertyDefaultsPostProcessor : Devtools property defaults active! Set 'spring.devtools.add-properties' to 'false' to disable
2021-06-17 13:48:31.385  INFO 33314 --- [restartedMain] .e.DevToolsPropertyDefaultsPostProcessor : For additional web related logging consider setting the 'logging.level.web' property to 'DEBUG'
2021-06-17 13:48:33.092  INFO 33314 --- [restartedMain] .s.d.r.c.RepositoryConfigurationDelegate : Bootstrapping Spring Data JPA repositories in DEFAULT mode.
2021-06-17 13:48:33.284  INFO 33314 --- [restartedMain] .s.d.r.c.RepositoryConfigurationDelegate : Finished Spring Data repository scanning in 165 ms. Found 2 JPA repository interfaces.
2021-06-17 13:48:34.402  INFO 33314 --- [restartedMain] o.s.b.w.embedded.tomcat.TomcatWebServer  : Tomcat initialized with port(s): 8006 (http)
2021-06-17 13:48:34.418  INFO 33314 --- [restartedMain] o.apache.catalina.core.StandardService   : Starting service [Tomcat]
2021-06-17 13:48:34.419  INFO 33314 --- [restartedMain] org.apache.catalina.core.StandardEngine  : Starting Servlet engine: [Apache Tomcat/9.0.46]
2021-06-17 13:48:34.550  INFO 33314 --- [restartedMain] o.a.c.c.C.[.[localhost].[/ShopmeAdmin]   : Initializing Spring embedded WebApplicationContext
2021-06-17 13:48:34.551  INFO 33314 --- [restartedMain] w.s.c.ServletWebServerApplicationContext : Root WebApplicationContext: initialization completed in 3164 ms
2021-06-17 13:48:34.875  INFO 33314 --- [restartedMain] o.hibernate.jpa.internal.util.LogHelper  : HHH000204: Processing PersistenceUnitInfo [name: default]
2021-06-17 13:48:34.992  INFO 33314 --- [restartedMain] org.hibernate.Version                    : HHH000412: Hibernate ORM core version 5.4.31.Final
2021-06-17 13:48:35.322  INFO 33314 --- [restartedMain] o.hibernate.annotations.common.Version   : HCANN000001: Hibernate Commons Annotations {5.1.2.Final}
2021-06-17 13:48:35.491  INFO 33314 --- [restartedMain] com.zaxxer.hikari.HikariDataSource       : HikariPool-1 - Starting...
2021-06-17 13:48:35.722  INFO 33314 --- [restartedMain] com.zaxxer.hikari.HikariDataSource       : HikariPool-1 - Start completed.
2021-06-17 13:48:35.745  INFO 33314 --- [restartedMain] org.hibernate.dialect.Dialect            : HHH000400: Using dialect: org.hibernate.dialect.MySQL8Dialect
2021-06-17 13:48:37.286  INFO 33314 --- [restartedMain] o.h.e.t.j.p.i.JtaPlatformInitiator       : HHH000490: Using JtaPlatform implementation: [org.hibernate.engine.transaction.jta.platform.internal.NoJtaPlatform]
2021-06-17 13:48:37.305  INFO 33314 --- [restartedMain] j.LocalContainerEntityManagerFactoryBean : Initialized JPA EntityManagerFactory for persistence unit 'default'
2021-06-17 13:48:37.412  WARN 33314 --- [restartedMain] JpaBaseConfiguration$JpaWebConfiguration : spring.jpa.open-in-view is enabled by default. Therefore, database queries may be performed during view rendering. Explicitly configure spring.jpa.open-in-view to disable this warning
2021-06-17 13:48:38.658  INFO 33314 --- [restartedMain] o.s.s.web.DefaultSecurityFilterChain     : Will secure Ant [pattern='/images/**'] with []
2021-06-17 13:48:38.659  INFO 33314 --- [restartedMain] o.s.s.web.DefaultSecurityFilterChain     : Will secure Ant [pattern='/js/**'] with []
2021-06-17 13:48:38.659  INFO 33314 --- [restartedMain] o.s.s.web.DefaultSecurityFilterChain     : Will secure Ant [pattern='/webjars/**'] with []
2021-06-17 13:48:38.725  INFO 33314 --- [restartedMain] o.s.s.web.DefaultSecurityFilterChain     : Will secure any request with [org.springframework.security.web.context.request.async.WebAsyncManagerIntegrationFilter@340c911f, org.springframework.security.web.context.SecurityContextPersistenceFilter@cf761be, org.springframework.security.web.header.HeaderWriterFilter@72929b62, org.springframework.security.web.csrf.CsrfFilter@48058a86, org.springframework.security.web.authentication.logout.LogoutFilter@1a49512c, org.springframework.security.web.authentication.UsernamePasswordAuthenticationFilter@589815a4, org.springframework.security.web.savedrequest.RequestCacheAwareFilter@49ce196, org.springframework.security.web.servletapi.SecurityContextHolderAwareRequestFilter@594b89f3, org.springframework.security.web.authentication.rememberme.RememberMeAuthenticationFilter@60797a8b, org.springframework.security.web.authentication.AnonymousAuthenticationFilter@118f2ad3, org.springframework.security.web.session.SessionManagementFilter@1c720025, org.springframework.security.web.access.ExceptionTranslationFilter@899bcac, org.springframework.security.web.access.intercept.FilterSecurityInterceptor@7a1f2e5b]
2021-06-17 13:48:39.357  INFO 33314 --- [restartedMain] o.s.b.a.w.s.WelcomePageHandlerMapping    : Adding welcome page template: index
2021-06-17 13:48:40.902  INFO 33314 --- [restartedMain] o.s.b.d.a.OptionalLiveReloadServer       : LiveReload server is running on port 35729
2021-06-17 13:48:40.968  INFO 33314 --- [restartedMain] o.s.b.w.embedded.tomcat.TomcatWebServer  : Tomcat started on port(s): 8006 (http) with context path '/ShopmeAdmin'
2021-06-17 13:48:40.986  INFO 33314 --- [restartedMain] c.shopme.admin.ShopmeBackEndApplication  : Started ShopmeBackEndApplication in 30.867 seconds (JVM running for 37.232)
2021-06-17 13:48:40.988  INFO 33314 --- [restartedMain] o.s.b.a.ApplicationAvailabilityBean      : Application availability state LivenessState changed to CORRECT
2021-06-17 13:48:40.992  INFO 33314 --- [restartedMain] o.s.b.a.ApplicationAvailabilityBean      : Application availability state ReadinessState changed to ACCEPTING_TRAFFIC
2021-06-17 13:51:57.332  INFO 33314 --- [Thread-8] o.s.b.a.ApplicationAvailabilityBean      : Application availability state ReadinessState changed from ACCEPTING_TRAFFIC to REFUSING_TRAFFIC
2021-06-17 13:51:57.426  INFO 33314 --- [Thread-8] j.LocalContainerEntityManagerFactoryBean : Closing JPA EntityManagerFactory for persistence unit 'default'
2021-06-17 13:51:57.437  INFO 33314 --- [Thread-8] com.zaxxer.hikari.HikariDataSource       : HikariPool-1 - Shutdown initiated...
2021-06-17 13:51:57.476  INFO 33314 --- [Thread-8] com.zaxxer.hikari.HikariDataSource       : HikariPool-1 - Shutdown completed.
2021-06-17 13:52:13.063  WARN 33314 --- [restartedMain] o.s.boot.StartupInfoLogger               : InetAddress.getLocalHost().getHostName() took 5006 milliseconds to respond. Please verify your network configuration (macOS machines may need to add entries to /etc/hosts).
2021-06-17 13:52:18.066  INFO 33314 --- [restartedMain] c.shopme.admin.ShopmeBackEndApplication  : Starting ShopmeBackEndApplication using Java 1.8.0_271 on JohnnydeMacBook-Air.local with PID 33314 (/Users/johnny/Desktop/Shopme/ShopmeProject/ShopmeWebParent/ShopmeBackEnd/target/classes started by johnny in /Users/johnny/Desktop/Shopme/ShopmeProject/ShopmeWebParent/ShopmeBackEnd)
2021-06-17 13:52:18.066  INFO 33314 --- [restartedMain] c.shopme.admin.ShopmeBackEndApplication  : No active profile set, falling back to default profiles: default
2021-06-17 13:52:18.461  INFO 33314 --- [restartedMain] .s.d.r.c.RepositoryConfigurationDelegate : Bootstrapping Spring Data JPA repositories in DEFAULT mode.
2021-06-17 13:52:18.489  INFO 33314 --- [restartedMain] .s.d.r.c.RepositoryConfigurationDelegate : Finished Spring Data repository scanning in 27 ms. Found 2 JPA repository interfaces.
2021-06-17 13:52:18.768  INFO 33314 --- [restartedMain] o.s.b.w.embedded.tomcat.TomcatWebServer  : Tomcat initialized with port(s): 8006 (http)
2021-06-17 13:52:18.770  INFO 33314 --- [restartedMain] o.apache.catalina.core.StandardService   : Starting service [Tomcat]
2021-06-17 13:52:18.771  INFO 33314 --- [restartedMain] org.apache.catalina.core.StandardEngine  : Starting Servlet engine: [Apache Tomcat/9.0.46]
2021-06-17 13:52:18.804  INFO 33314 --- [restartedMain] o.a.c.c.C.[.[localhost].[/ShopmeAdmin]   : Initializing Spring embedded WebApplicationContext
2021-06-17 13:52:18.804  INFO 33314 --- [restartedMain] w.s.c.ServletWebServerApplicationContext : Root WebApplicationContext: initialization completed in 730 ms
2021-06-17 13:52:18.900  INFO 33314 --- [restartedMain] o.hibernate.jpa.internal.util.LogHelper  : HHH000204: Processing PersistenceUnitInfo [name: default]
2021-06-17 13:52:18.910  INFO 33314 --- [restartedMain] com.zaxxer.hikari.HikariDataSource       : HikariPool-2 - Starting...
2021-06-17 13:52:18.920  INFO 33314 --- [restartedMain] com.zaxxer.hikari.HikariDataSource       : HikariPool-2 - Start completed.
2021-06-17 13:52:18.922  INFO 33314 --- [restartedMain] org.hibernate.dialect.Dialect            : HHH000400: Using dialect: org.hibernate.dialect.MySQL8Dialect
2021-06-17 13:52:19.131  INFO 33314 --- [restartedMain] o.h.e.t.j.p.i.JtaPlatformInitiator       : HHH000490: Using JtaPlatform implementation: [org.hibernate.engine.transaction.jta.platform.internal.NoJtaPlatform]
2021-06-17 13:52:19.131  INFO 33314 --- [restartedMain] j.LocalContainerEntityManagerFactoryBean : Initialized JPA EntityManagerFactory for persistence unit 'default'
2021-06-17 13:52:19.168  WARN 33314 --- [restartedMain] JpaBaseConfiguration$JpaWebConfiguration : spring.jpa.open-in-view is enabled by default. Therefore, database queries may be performed during view rendering. Explicitly configure spring.jpa.open-in-view to disable this warning
2021-06-17 13:52:19.387  INFO 33314 --- [restartedMain] o.s.s.web.DefaultSecurityFilterChain     : Will secure Ant [pattern='/images/**'] with []
2021-06-17 13:52:19.388  INFO 33314 --- [restartedMain] o.s.s.web.DefaultSecurityFilterChain     : Will secure Ant [pattern='/js/**'] with []
2021-06-17 13:52:19.388  INFO 33314 --- [restartedMain] o.s.s.web.DefaultSecurityFilterChain     : Will secure Ant [pattern='/webjars/**'] with []
2021-06-17 13:52:19.403  INFO 33314 --- [restartedMain] o.s.s.web.DefaultSecurityFilterChain     : Will secure any request with [org.springframework.security.web.context.request.async.WebAsyncManagerIntegrationFilter@668598d8, org.springframework.security.web.context.SecurityContextPersistenceFilter@457ae92d, org.springframework.security.web.header.HeaderWriterFilter@a0ec914, org.springframework.security.web.csrf.CsrfFilter@4d20d1f9, org.springframework.security.web.authentication.logout.LogoutFilter@639d95ba, org.springframework.security.web.authentication.UsernamePasswordAuthenticationFilter@d14b79b, org.springframework.security.web.savedrequest.RequestCacheAwareFilter@7114c9eb, org.springframework.security.web.servletapi.SecurityContextHolderAwareRequestFilter@daef8b4, org.springframework.security.web.authentication.rememberme.RememberMeAuthenticationFilter@344d2da5, org.springframework.security.web.authentication.AnonymousAuthenticationFilter@7e03cccc, org.springframework.security.web.session.SessionManagementFilter@e1e5e0e, org.springframework.security.web.access.ExceptionTranslationFilter@658a3a0b, org.springframework.security.web.access.intercept.FilterSecurityInterceptor@4e2ac692]
2021-06-17 13:52:19.500  INFO 33314 --- [restartedMain] o.s.b.a.w.s.WelcomePageHandlerMapping    : Adding welcome page template: index
2021-06-17 13:52:20.048  INFO 33314 --- [restartedMain] o.s.b.d.a.OptionalLiveReloadServer       : LiveReload server is running on port 35729
2021-06-17 13:52:20.064  INFO 33314 --- [restartedMain] o.s.b.w.embedded.tomcat.TomcatWebServer  : Tomcat started on port(s): 8006 (http) with context path '/ShopmeAdmin'
2021-06-17 13:52:20.077  INFO 33314 --- [restartedMain] c.shopme.admin.ShopmeBackEndApplication  : Started ShopmeBackEndApplication in 22.092 seconds (JVM running for 256.316)
2021-06-17 13:52:20.078  INFO 33314 --- [restartedMain] o.s.b.a.ApplicationAvailabilityBean      : Application availability state LivenessState changed to CORRECT
2021-06-17 13:52:20.082  INFO 33314 --- [restartedMain] .ConditionEvaluationDeltaLoggingListener : Condition evaluation unchanged
2021-06-17 13:52:20.083  INFO 33314 --- [restartedMain] o.s.b.a.ApplicationAvailabilityBean      : Application availability state ReadinessState changed to ACCEPTING_TRAFFIC
2021-06-17 13:53:36.565  INFO 33314 --- [Thread-15] o.s.b.a.ApplicationAvailabilityBean      : Application availability state ReadinessState changed from ACCEPTING_TRAFFIC to REFUSING_TRAFFIC
2021-06-17 13:53:36.610  INFO 33314 --- [Thread-15] j.LocalContainerEntityManagerFactoryBean : Closing JPA EntityManagerFactory for persistence unit 'default'
2021-06-17 13:53:36.616  INFO 33314 --- [Thread-15] com.zaxxer.hikari.HikariDataSource       : HikariPool-2 - Shutdown initiated...
2021-06-17 13:53:36.626  INFO 33314 --- [Thread-15] com.zaxxer.hikari.HikariDataSource       : HikariPool-2 - Shutdown completed.
2021-06-17 13:53:52.385  WARN 33314 --- [restartedMain] o.s.boot.StartupInfoLogger               : InetAddress.getLocalHost().getHostName() took 5006 milliseconds to respond. Please verify your network configuration (macOS machines may need to add entries to /etc/hosts).
2021-06-17 13:53:57.390  INFO 33314 --- [restartedMain] c.shopme.admin.ShopmeBackEndApplication  : Starting ShopmeBackEndApplication using Java 1.8.0_271 on JohnnydeMacBook-Air.local with PID 33314 (/Users/johnny/Desktop/Shopme/ShopmeProject/ShopmeWebParent/ShopmeBackEnd/target/classes started by johnny in /Users/johnny/Desktop/Shopme/ShopmeProject/ShopmeWebParent/ShopmeBackEnd)
2021-06-17 13:53:57.391  INFO 33314 --- [restartedMain] c.shopme.admin.ShopmeBackEndApplication  : No active profile set, falling back to default profiles: default
2021-06-17 13:53:57.880  INFO 33314 --- [restartedMain] .s.d.r.c.RepositoryConfigurationDelegate : Bootstrapping Spring Data JPA repositories in DEFAULT mode.
2021-06-17 13:53:57.907  INFO 33314 --- [restartedMain] .s.d.r.c.RepositoryConfigurationDelegate : Finished Spring Data repository scanning in 27 ms. Found 2 JPA repository interfaces.
2021-06-17 13:53:58.249  INFO 33314 --- [restartedMain] o.s.b.w.embedded.tomcat.TomcatWebServer  : Tomcat initialized with port(s): 8006 (http)
2021-06-17 13:53:58.251  INFO 33314 --- [restartedMain] o.apache.catalina.core.StandardService   : Starting service [Tomcat]
2021-06-17 13:53:58.252  INFO 33314 --- [restartedMain] org.apache.catalina.core.StandardEngine  : Starting Servlet engine: [Apache Tomcat/9.0.46]
2021-06-17 13:53:58.267  INFO 33314 --- [restartedMain] o.a.c.c.C.[.[localhost].[/ShopmeAdmin]   : Initializing Spring embedded WebApplicationContext
2021-06-17 13:53:58.268  INFO 33314 --- [restartedMain] w.s.c.ServletWebServerApplicationContext : Root WebApplicationContext: initialization completed in 868 ms
2021-06-17 13:53:58.366  INFO 33314 --- [restartedMain] o.hibernate.jpa.internal.util.LogHelper  : HHH000204: Processing PersistenceUnitInfo [name: default]
2021-06-17 13:53:58.377  INFO 33314 --- [restartedMain] com.zaxxer.hikari.HikariDataSource       : HikariPool-3 - Starting...
2021-06-17 13:53:58.388  INFO 33314 --- [restartedMain] com.zaxxer.hikari.HikariDataSource       : HikariPool-3 - Start completed.
2021-06-17 13:53:58.389  INFO 33314 --- [restartedMain] org.hibernate.dialect.Dialect            : HHH000400: Using dialect: org.hibernate.dialect.MySQL8Dialect
2021-06-17 13:53:58.573  INFO 33314 --- [restartedMain] o.h.e.t.j.p.i.JtaPlatformInitiator       : HHH000490: Using JtaPlatform implementation: [org.hibernate.engine.transaction.jta.platform.internal.NoJtaPlatform]
2021-06-17 13:53:58.574  INFO 33314 --- [restartedMain] j.LocalContainerEntityManagerFactoryBean : Initialized JPA EntityManagerFactory for persistence unit 'default'
2021-06-17 13:53:58.622  WARN 33314 --- [restartedMain] JpaBaseConfiguration$JpaWebConfiguration : spring.jpa.open-in-view is enabled by default. Therefore, database queries may be performed during view rendering. Explicitly configure spring.jpa.open-in-view to disable this warning
2021-06-17 13:53:58.855  INFO 33314 --- [restartedMain] o.s.s.web.DefaultSecurityFilterChain     : Will secure Ant [pattern='/images/**'] with []
2021-06-17 13:53:58.855  INFO 33314 --- [restartedMain] o.s.s.web.DefaultSecurityFilterChain     : Will secure Ant [pattern='/js/**'] with []
2021-06-17 13:53:58.856  INFO 33314 --- [restartedMain] o.s.s.web.DefaultSecurityFilterChain     : Will secure Ant [pattern='/webjars/**'] with []
2021-06-17 13:53:58.871  INFO 33314 --- [restartedMain] o.s.s.web.DefaultSecurityFilterChain     : Will secure any request with [org.springframework.security.web.context.request.async.WebAsyncManagerIntegrationFilter@4644d447, org.springframework.security.web.context.SecurityContextPersistenceFilter@324f0927, org.springframework.security.web.header.HeaderWriterFilter@95a4346, org.springframework.security.web.csrf.CsrfFilter@11414a69, org.springframework.security.web.authentication.logout.LogoutFilter@75d9789, org.springframework.security.web.authentication.UsernamePasswordAuthenticationFilter@1f58b882, org.springframework.security.web.savedrequest.RequestCacheAwareFilter@fb60833, org.springframework.security.web.servletapi.SecurityContextHolderAwareRequestFilter@54ad3af0, org.springframework.security.web.authentication.rememberme.RememberMeAuthenticationFilter@7a64eec7, org.springframework.security.web.authentication.AnonymousAuthenticationFilter@690613cc, org.springframework.security.web.session.SessionManagementFilter@29461c64, org.springframework.security.web.access.ExceptionTranslationFilter@7c58339e, org.springframework.security.web.access.intercept.FilterSecurityInterceptor@5ebe2a61]
2021-06-17 13:53:58.993  INFO 33314 --- [restartedMain] o.s.b.a.w.s.WelcomePageHandlerMapping    : Adding welcome page template: index
2021-06-17 13:53:59.635  INFO 33314 --- [restartedMain] o.s.b.d.a.OptionalLiveReloadServer       : LiveReload server is running on port 35729
2021-06-17 13:53:59.653  INFO 33314 --- [restartedMain] o.s.b.w.embedded.tomcat.TomcatWebServer  : Tomcat started on port(s): 8006 (http) with context path '/ShopmeAdmin'
2021-06-17 13:53:59.662  INFO 33314 --- [restartedMain] c.shopme.admin.ShopmeBackEndApplication  : Started ShopmeBackEndApplication in 22.358 seconds (JVM running for 355.898)
2021-06-17 13:53:59.663  INFO 33314 --- [restartedMain] o.s.b.a.ApplicationAvailabilityBean      : Application availability state LivenessState changed to CORRECT
2021-06-17 13:53:59.666  INFO 33314 --- [restartedMain] .ConditionEvaluationDeltaLoggingListener : Condition evaluation unchanged
2021-06-17 13:53:59.667  INFO 33314 --- [restartedMain] o.s.b.a.ApplicationAvailabilityBean      : Application availability state ReadinessState changed to ACCEPTING_TRAFFIC
2021-06-17 13:54:01.065  INFO 33314 --- [Thread-22] o.s.b.a.ApplicationAvailabilityBean      : Application availability state ReadinessState changed from ACCEPTING_TRAFFIC to REFUSING_TRAFFIC
2021-06-17 13:54:01.095  INFO 33314 --- [Thread-22] j.LocalContainerEntityManagerFactoryBean : Closing JPA EntityManagerFactory for persistence unit 'default'
2021-06-17 13:54:01.097  INFO 33314 --- [Thread-22] com.zaxxer.hikari.HikariDataSource       : HikariPool-3 - Shutdown initiated...
2021-06-17 13:54:01.104  INFO 33314 --- [Thread-22] com.zaxxer.hikari.HikariDataSource       : HikariPool-3 - Shutdown completed.
2021-06-17 13:54:16.554  WARN 33314 --- [restartedMain] o.s.boot.StartupInfoLogger               : InetAddress.getLocalHost().getHostName() took 5005 milliseconds to respond. Please verify your network configuration (macOS machines may need to add entries to /etc/hosts).
2021-06-17 13:54:21.560  INFO 33314 --- [restartedMain] c.shopme.admin.ShopmeBackEndApplication  : Starting ShopmeBackEndApplication using Java 1.8.0_271 on JohnnydeMacBook-Air.local with PID 33314 (/Users/johnny/Desktop/Shopme/ShopmeProject/ShopmeWebParent/ShopmeBackEnd/target/classes started by johnny in /Users/johnny/Desktop/Shopme/ShopmeProject/ShopmeWebParent/ShopmeBackEnd)
2021-06-17 13:54:21.560  INFO 33314 --- [restartedMain] c.shopme.admin.ShopmeBackEndApplication  : No active profile set, falling back to default profiles: default
2021-06-17 13:54:21.806  INFO 33314 --- [restartedMain] .s.d.r.c.RepositoryConfigurationDelegate : Bootstrapping Spring Data JPA repositories in DEFAULT mode.
2021-06-17 13:54:21.822  INFO 33314 --- [restartedMain] .s.d.r.c.RepositoryConfigurationDelegate : Finished Spring Data repository scanning in 15 ms. Found 2 JPA repository interfaces.
2021-06-17 13:54:21.983  INFO 33314 --- [restartedMain] o.s.b.w.embedded.tomcat.TomcatWebServer  : Tomcat initialized with port(s): 8006 (http)
2021-06-17 13:54:21.984  INFO 33314 --- [restartedMain] o.apache.catalina.core.StandardService   : Starting service [Tomcat]
2021-06-17 13:54:21.984  INFO 33314 --- [restartedMain] org.apache.catalina.core.StandardEngine  : Starting Servlet engine: [Apache Tomcat/9.0.46]
2021-06-17 13:54:21.993  INFO 33314 --- [restartedMain] o.a.c.c.C.[.[localhost].[/ShopmeAdmin]   : Initializing Spring embedded WebApplicationContext
2021-06-17 13:54:21.993  INFO 33314 --- [restartedMain] w.s.c.ServletWebServerApplicationContext : Root WebApplicationContext: initialization completed in 428 ms
2021-06-17 13:54:22.065  INFO 33314 --- [restartedMain] o.hibernate.jpa.internal.util.LogHelper  : HHH000204: Processing PersistenceUnitInfo [name: default]
2021-06-17 13:54:22.071  INFO 33314 --- [restartedMain] com.zaxxer.hikari.HikariDataSource       : HikariPool-4 - Starting...
2021-06-17 13:54:22.082  INFO 33314 --- [restartedMain] com.zaxxer.hikari.HikariDataSource       : HikariPool-4 - Start completed.
2021-06-17 13:54:22.082  INFO 33314 --- [restartedMain] org.hibernate.dialect.Dialect            : HHH000400: Using dialect: org.hibernate.dialect.MySQL8Dialect
2021-06-17 13:54:22.190  INFO 33314 --- [restartedMain] o.h.e.t.j.p.i.JtaPlatformInitiator       : HHH000490: Using JtaPlatform implementation: [org.hibernate.engine.transaction.jta.platform.internal.NoJtaPlatform]
2021-06-17 13:54:22.190  INFO 33314 --- [restartedMain] j.LocalContainerEntityManagerFactoryBean : Initialized JPA EntityManagerFactory for persistence unit 'default'
2021-06-17 13:54:22.243  WARN 33314 --- [restartedMain] JpaBaseConfiguration$JpaWebConfiguration : spring.jpa.open-in-view is enabled by default. Therefore, database queries may be performed during view rendering. Explicitly configure spring.jpa.open-in-view to disable this warning
2021-06-17 13:54:22.414  INFO 33314 --- [restartedMain] o.s.s.web.DefaultSecurityFilterChain     : Will secure Ant [pattern='/images/**'] with []
2021-06-17 13:54:22.414  INFO 33314 --- [restartedMain] o.s.s.web.DefaultSecurityFilterChain     : Will secure Ant [pattern='/js/**'] with []
2021-06-17 13:54:22.415  INFO 33314 --- [restartedMain] o.s.s.web.DefaultSecurityFilterChain     : Will secure Ant [pattern='/webjars/**'] with []
2021-06-17 13:54:22.427  INFO 33314 --- [restartedMain] o.s.s.web.DefaultSecurityFilterChain     : Will secure any request with [org.springframework.security.web.context.request.async.WebAsyncManagerIntegrationFilter@35dacedd, org.springframework.security.web.context.SecurityContextPersistenceFilter@33bb485b, org.springframework.security.web.header.HeaderWriterFilter@7e4eca17, org.springframework.security.web.csrf.CsrfFilter@5d633836, org.springframework.security.web.authentication.logout.LogoutFilter@664916b7, org.springframework.security.web.authentication.UsernamePasswordAuthenticationFilter@2f3ce46b, org.springframework.security.web.savedrequest.RequestCacheAwareFilter@1b6ea2e2, org.springframework.security.web.servletapi.SecurityContextHolderAwareRequestFilter@1378cdea, org.springframework.security.web.authentication.rememberme.RememberMeAuthenticationFilter@698cff91, org.springframework.security.web.authentication.AnonymousAuthenticationFilter@14962526, org.springframework.security.web.session.SessionManagementFilter@775d7c0e, org.springframework.security.web.access.ExceptionTranslationFilter@17b7f94f, org.springframework.security.web.access.intercept.FilterSecurityInterceptor@7d6b80c0]
2021-06-17 13:54:22.509  INFO 33314 --- [restartedMain] o.s.b.a.w.s.WelcomePageHandlerMapping    : Adding welcome page template: index
2021-06-17 13:54:22.875  INFO 33314 --- [restartedMain] o.s.b.d.a.OptionalLiveReloadServer       : LiveReload server is running on port 35729
2021-06-17 13:54:22.893  INFO 33314 --- [restartedMain] o.s.b.w.embedded.tomcat.TomcatWebServer  : Tomcat started on port(s): 8006 (http) with context path '/ShopmeAdmin'
2021-06-17 13:54:22.911  INFO 33314 --- [restartedMain] c.shopme.admin.ShopmeBackEndApplication  : Started ShopmeBackEndApplication in 21.409 seconds (JVM running for 379.146)
2021-06-17 13:54:22.912  INFO 33314 --- [restartedMain] o.s.b.a.ApplicationAvailabilityBean      : Application availability state LivenessState changed to CORRECT
2021-06-17 13:54:22.914  INFO 33314 --- [restartedMain] .ConditionEvaluationDeltaLoggingListener : Condition evaluation unchanged
2021-06-17 13:54:22.915  INFO 33314 --- [restartedMain] o.s.b.a.ApplicationAvailabilityBean      : Application availability state ReadinessState changed to ACCEPTING_TRAFFIC
2021-06-17 13:54:32.513  INFO 33314 --- [Thread-29] o.s.b.a.ApplicationAvailabilityBean      : Application availability state ReadinessState changed from ACCEPTING_TRAFFIC to REFUSING_TRAFFIC
2021-06-17 13:54:32.564  INFO 33314 --- [Thread-29] j.LocalContainerEntityManagerFactoryBean : Closing JPA EntityManagerFactory for persistence unit 'default'
2021-06-17 13:54:32.569  INFO 33314 --- [Thread-29] com.zaxxer.hikari.HikariDataSource       : HikariPool-4 - Shutdown initiated...
2021-06-17 13:54:32.584  INFO 33314 --- [Thread-29] com.zaxxer.hikari.HikariDataSource       : HikariPool-4 - Shutdown completed.
2021-06-17 13:54:48.066  WARN 33314 --- [restartedMain] o.s.boot.StartupInfoLogger               : InetAddress.getLocalHost().getHostName() took 5006 milliseconds to respond. Please verify your network configuration (macOS machines may need to add entries to /etc/hosts).
2021-06-17 13:54:53.072  INFO 33314 --- [restartedMain] c.shopme.admin.ShopmeBackEndApplication  : Starting ShopmeBackEndApplication using Java 1.8.0_271 on JohnnydeMacBook-Air.local with PID 33314 (/Users/johnny/Desktop/Shopme/ShopmeProject/ShopmeWebParent/ShopmeBackEnd/target/classes started by johnny in /Users/johnny/Desktop/Shopme/ShopmeProject/ShopmeWebParent/ShopmeBackEnd)
2021-06-17 13:54:53.073  INFO 33314 --- [restartedMain] c.shopme.admin.ShopmeBackEndApplication  : No active profile set, falling back to default profiles: default
2021-06-17 13:54:53.655  INFO 33314 --- [restartedMain] .s.d.r.c.RepositoryConfigurationDelegate : Bootstrapping Spring Data JPA repositories in DEFAULT mode.
2021-06-17 13:54:53.684  INFO 33314 --- [restartedMain] .s.d.r.c.RepositoryConfigurationDelegate : Finished Spring Data repository scanning in 27 ms. Found 2 JPA repository interfaces.
2021-06-17 13:54:54.166  INFO 33314 --- [restartedMain] o.s.b.w.embedded.tomcat.TomcatWebServer  : Tomcat initialized with port(s): 8006 (http)
2021-06-17 13:54:54.168  INFO 33314 --- [restartedMain] o.apache.catalina.core.StandardService   : Starting service [Tomcat]
2021-06-17 13:54:54.168  INFO 33314 --- [restartedMain] org.apache.catalina.core.StandardEngine  : Starting Servlet engine: [Apache Tomcat/9.0.46]
2021-06-17 13:54:54.181  INFO 33314 --- [restartedMain] o.a.c.c.C.[.[localhost].[/ShopmeAdmin]   : Initializing Spring embedded WebApplicationContext
2021-06-17 13:54:54.182  INFO 33314 --- [restartedMain] w.s.c.ServletWebServerApplicationContext : Root WebApplicationContext: initialization completed in 1103 ms
2021-06-17 13:54:54.251  INFO 33314 --- [restartedMain] o.hibernate.jpa.internal.util.LogHelper  : HHH000204: Processing PersistenceUnitInfo [name: default]
2021-06-17 13:54:54.329  INFO 33314 --- [restartedMain] com.zaxxer.hikari.HikariDataSource       : HikariPool-5 - Starting...
2021-06-17 13:54:54.338  INFO 33314 --- [restartedMain] com.zaxxer.hikari.HikariDataSource       : HikariPool-5 - Start completed.
2021-06-17 13:54:54.339  INFO 33314 --- [restartedMain] org.hibernate.dialect.Dialect            : HHH000400: Using dialect: org.hibernate.dialect.MySQL8Dialect
2021-06-17 13:54:54.742  INFO 33314 --- [restartedMain] o.h.e.t.j.p.i.JtaPlatformInitiator       : HHH000490: Using JtaPlatform implementation: [org.hibernate.engine.transaction.jta.platform.internal.NoJtaPlatform]
2021-06-17 13:54:54.743  INFO 33314 --- [restartedMain] j.LocalContainerEntityManagerFactoryBean : Initialized JPA EntityManagerFactory for persistence unit 'default'
2021-06-17 13:54:54.803  WARN 33314 --- [restartedMain] JpaBaseConfiguration$JpaWebConfiguration : spring.jpa.open-in-view is enabled by default. Therefore, database queries may be performed during view rendering. Explicitly configure spring.jpa.open-in-view to disable this warning
2021-06-17 13:54:55.131  INFO 33314 --- [restartedMain] o.s.s.web.DefaultSecurityFilterChain     : Will secure Ant [pattern='/images/**'] with []
2021-06-17 13:54:55.132  INFO 33314 --- [restartedMain] o.s.s.web.DefaultSecurityFilterChain     : Will secure Ant [pattern='/js/**'] with []
2021-06-17 13:54:55.132  INFO 33314 --- [restartedMain] o.s.s.web.DefaultSecurityFilterChain     : Will secure Ant [pattern='/webjars/**'] with []
2021-06-17 13:54:55.152  INFO 33314 --- [restartedMain] o.s.s.web.DefaultSecurityFilterChain     : Will secure any request with [org.springframework.security.web.context.request.async.WebAsyncManagerIntegrationFilter@3fd57078, org.springframework.security.web.context.SecurityContextPersistenceFilter@461628b8, org.springframework.security.web.header.HeaderWriterFilter@3b4e5791, org.springframework.security.web.csrf.CsrfFilter@6050aaef, org.springframework.security.web.authentication.logout.LogoutFilter@69649db1, org.springframework.security.web.authentication.UsernamePasswordAuthenticationFilter@318ba4e6, org.springframework.security.web.savedrequest.RequestCacheAwareFilter@53441b8a, org.springframework.security.web.servletapi.SecurityContextHolderAwareRequestFilter@1aff2cac, org.springframework.security.web.authentication.rememberme.RememberMeAuthenticationFilter@16b4c61e, org.springframework.security.web.authentication.AnonymousAuthenticationFilter@55a2ba32, org.springframework.security.web.session.SessionManagementFilter@23f4f9fb, org.springframework.security.web.access.ExceptionTranslationFilter@9238c9c, org.springframework.security.web.access.intercept.FilterSecurityInterceptor@1c9ed060]
2021-06-17 13:54:55.273  INFO 33314 --- [restartedMain] o.s.b.a.w.s.WelcomePageHandlerMapping    : Adding welcome page template: index
2021-06-17 13:54:55.836  INFO 33314 --- [restartedMain] o.s.b.d.a.OptionalLiveReloadServer       : LiveReload server is running on port 35729
2021-06-17 13:54:55.855  INFO 33314 --- [restartedMain] o.s.b.w.embedded.tomcat.TomcatWebServer  : Tomcat started on port(s): 8006 (http) with context path '/ShopmeAdmin'
2021-06-17 13:54:55.874  INFO 33314 --- [restartedMain] c.shopme.admin.ShopmeBackEndApplication  : Started ShopmeBackEndApplication in 22.919 seconds (JVM running for 412.108)
2021-06-17 13:54:55.878  INFO 33314 --- [restartedMain] o.s.b.a.ApplicationAvailabilityBean      : Application availability state LivenessState changed to CORRECT
2021-06-17 13:54:55.886  INFO 33314 --- [restartedMain] .ConditionEvaluationDeltaLoggingListener : Condition evaluation unchanged
2021-06-17 13:54:55.887  INFO 33314 --- [restartedMain] o.s.b.a.ApplicationAvailabilityBean      : Application availability state ReadinessState changed to ACCEPTING_TRAFFIC
2021-06-17 13:58:05.874  INFO 33314 --- [http-nio-8006-exec-1] o.a.c.c.C.[.[localhost].[/ShopmeAdmin]   : Initializing Spring DispatcherServlet 'dispatcherServlet'
2021-06-17 13:58:05.881  INFO 33314 --- [http-nio-8006-exec-1] o.s.web.servlet.DispatcherServlet        : Initializing Servlet 'dispatcherServlet'
2021-06-17 13:58:05.904  INFO 33314 --- [http-nio-8006-exec-1] o.s.web.servlet.DispatcherServlet        : Completed initialization in 23 ms
2021-06-17 14:00:00.178  INFO 33314 --- [Thread-36] o.s.b.a.ApplicationAvailabilityBean      : Application availability state ReadinessState changed from ACCEPTING_TRAFFIC to REFUSING_TRAFFIC
2021-06-17 14:00:00.319  INFO 33314 --- [Thread-36] j.LocalContainerEntityManagerFactoryBean : Closing JPA EntityManagerFactory for persistence unit 'default'
2021-06-17 14:00:00.330  INFO 33314 --- [Thread-36] com.zaxxer.hikari.HikariDataSource       : HikariPool-5 - Shutdown initiated...
2021-06-17 14:00:00.355  INFO 33314 --- [Thread-36] com.zaxxer.hikari.HikariDataSource       : HikariPool-5 - Shutdown completed.
2021-06-17 14:00:16.855  WARN 33314 --- [restartedMain] o.s.boot.StartupInfoLogger               : InetAddress.getLocalHost().getHostName() took 5003 milliseconds to respond. Please verify your network configuration (macOS machines may need to add entries to /etc/hosts).
2021-06-17 14:00:21.862  INFO 33314 --- [restartedMain] c.shopme.admin.ShopmeBackEndApplication  : Starting ShopmeBackEndApplication using Java 1.8.0_271 on JohnnydeMacBook-Air.local with PID 33314 (/Users/johnny/Desktop/Shopme/ShopmeProject/ShopmeWebParent/ShopmeBackEnd/target/classes started by johnny in /Users/johnny/Desktop/Shopme/ShopmeProject/ShopmeWebParent/ShopmeBackEnd)
2021-06-17 14:00:21.862  INFO 33314 --- [restartedMain] c.shopme.admin.ShopmeBackEndApplication  : No active profile set, falling back to default profiles: default
2021-06-17 14:00:22.257  INFO 33314 --- [restartedMain] .s.d.r.c.RepositoryConfigurationDelegate : Bootstrapping Spring Data JPA repositories in DEFAULT mode.
2021-06-17 14:00:22.279  INFO 33314 --- [restartedMain] .s.d.r.c.RepositoryConfigurationDelegate : Finished Spring Data repository scanning in 21 ms. Found 2 JPA repository interfaces.
2021-06-17 14:00:22.566  INFO 33314 --- [restartedMain] o.s.b.w.embedded.tomcat.TomcatWebServer  : Tomcat initialized with port(s): 8006 (http)
2021-06-17 14:00:22.567  INFO 33314 --- [restartedMain] o.apache.catalina.core.StandardService   : Starting service [Tomcat]
2021-06-17 14:00:22.567  INFO 33314 --- [restartedMain] org.apache.catalina.core.StandardEngine  : Starting Servlet engine: [Apache Tomcat/9.0.46]
2021-06-17 14:00:22.579  INFO 33314 --- [restartedMain] o.a.c.c.C.[.[localhost].[/ShopmeAdmin]   : Initializing Spring embedded WebApplicationContext
2021-06-17 14:00:22.579  INFO 33314 --- [restartedMain] w.s.c.ServletWebServerApplicationContext : Root WebApplicationContext: initialization completed in 712 ms
2021-06-17 14:00:22.658  INFO 33314 --- [restartedMain] o.hibernate.jpa.internal.util.LogHelper  : HHH000204: Processing PersistenceUnitInfo [name: default]
2021-06-17 14:00:22.667  INFO 33314 --- [restartedMain] com.zaxxer.hikari.HikariDataSource       : HikariPool-6 - Starting...
2021-06-17 14:00:22.678  INFO 33314 --- [restartedMain] com.zaxxer.hikari.HikariDataSource       : HikariPool-6 - Start completed.
2021-06-17 14:00:22.679  INFO 33314 --- [restartedMain] org.hibernate.dialect.Dialect            : HHH000400: Using dialect: org.hibernate.dialect.MySQL8Dialect
2021-06-17 14:00:22.846  INFO 33314 --- [restartedMain] o.h.e.t.j.p.i.JtaPlatformInitiator       : HHH000490: Using JtaPlatform implementation: [org.hibernate.engine.transaction.jta.platform.internal.NoJtaPlatform]
2021-06-17 14:00:22.846  INFO 33314 --- [restartedMain] j.LocalContainerEntityManagerFactoryBean : Initialized JPA EntityManagerFactory for persistence unit 'default'
2021-06-17 14:00:22.956  WARN 33314 --- [restartedMain] JpaBaseConfiguration$JpaWebConfiguration : spring.jpa.open-in-view is enabled by default. Therefore, database queries may be performed during view rendering. Explicitly configure spring.jpa.open-in-view to disable this warning
2021-06-17 14:00:23.182  INFO 33314 --- [restartedMain] o.s.s.web.DefaultSecurityFilterChain     : Will secure Ant [pattern='/images/**'] with []
2021-06-17 14:00:23.182  INFO 33314 --- [restartedMain] o.s.s.web.DefaultSecurityFilterChain     : Will secure Ant [pattern='/js/**'] with []
2021-06-17 14:00:23.183  INFO 33314 --- [restartedMain] o.s.s.web.DefaultSecurityFilterChain     : Will secure Ant [pattern='/webjars/**'] with []
2021-06-17 14:00:23.197  INFO 33314 --- [restartedMain] o.s.s.web.DefaultSecurityFilterChain     : Will secure any request with [org.springframework.security.web.context.request.async.WebAsyncManagerIntegrationFilter@2199f85d, org.springframework.security.web.context.SecurityContextPersistenceFilter@7cf3ef0, org.springframework.security.web.header.HeaderWriterFilter@95b39f7, org.springframework.security.web.csrf.CsrfFilter@78e77c0d, org.springframework.security.web.authentication.logout.LogoutFilter@13e7f296, org.springframework.security.web.authentication.UsernamePasswordAuthenticationFilter@c9e30b3, org.springframework.security.web.savedrequest.RequestCacheAwareFilter@2058a31f, org.springframework.security.web.servletapi.SecurityContextHolderAwareRequestFilter@709cb262, org.springframework.security.web.authentication.rememberme.RememberMeAuthenticationFilter@3bbad74b, org.springframework.security.web.authentication.AnonymousAuthenticationFilter@62c61d, org.springframework.security.web.session.SessionManagementFilter@440b3568, org.springframework.security.web.access.ExceptionTranslationFilter@6819f53b, org.springframework.security.web.access.intercept.FilterSecurityInterceptor@569ee883]
2021-06-17 14:00:23.296  INFO 33314 --- [restartedMain] o.s.b.a.w.s.WelcomePageHandlerMapping    : Adding welcome page template: index
2021-06-17 14:00:24.485  INFO 33314 --- [restartedMain] o.s.b.d.a.OptionalLiveReloadServer       : LiveReload server is running on port 35729
2021-06-17 14:00:24.567  INFO 33314 --- [restartedMain] o.s.b.w.embedded.tomcat.TomcatWebServer  : Tomcat started on port(s): 8006 (http) with context path '/ShopmeAdmin'
2021-06-17 14:00:24.599  INFO 33314 --- [restartedMain] c.shopme.admin.ShopmeBackEndApplication  : Started ShopmeBackEndApplication in 22.817 seconds (JVM running for 740.823)
2021-06-17 14:00:24.601  INFO 33314 --- [restartedMain] o.s.b.a.ApplicationAvailabilityBean      : Application availability state LivenessState changed to CORRECT
2021-06-17 14:00:24.604  INFO 33314 --- [restartedMain] .ConditionEvaluationDeltaLoggingListener : Condition evaluation unchanged
2021-06-17 14:00:24.605  INFO 33314 --- [restartedMain] o.s.b.a.ApplicationAvailabilityBean      : Application availability state ReadinessState changed to ACCEPTING_TRAFFIC
2021-06-17 14:01:23.750  INFO 33314 --- [Thread-43] o.s.b.a.ApplicationAvailabilityBean      : Application availability state ReadinessState changed from ACCEPTING_TRAFFIC to REFUSING_TRAFFIC
2021-06-17 14:01:23.811  INFO 33314 --- [Thread-43] j.LocalContainerEntityManagerFactoryBean : Closing JPA EntityManagerFactory for persistence unit 'default'
2021-06-17 14:01:23.817  INFO 33314 --- [Thread-43] com.zaxxer.hikari.HikariDataSource       : HikariPool-6 - Shutdown initiated...
2021-06-17 14:01:23.826  INFO 33314 --- [Thread-43] com.zaxxer.hikari.HikariDataSource       : HikariPool-6 - Shutdown completed.
2021-06-17 14:01:39.565  WARN 33314 --- [restartedMain] o.s.boot.StartupInfoLogger               : InetAddress.getLocalHost().getHostName() took 5009 milliseconds to respond. Please verify your network configuration (macOS machines may need to add entries to /etc/hosts).
2021-06-17 14:01:44.570  INFO 33314 --- [restartedMain] c.shopme.admin.ShopmeBackEndApplication  : Starting ShopmeBackEndApplication using Java 1.8.0_271 on JohnnydeMacBook-Air.local with PID 33314 (/Users/johnny/Desktop/Shopme/ShopmeProject/ShopmeWebParent/ShopmeBackEnd/target/classes started by johnny in /Users/johnny/Desktop/Shopme/ShopmeProject/ShopmeWebParent/ShopmeBackEnd)
2021-06-17 14:01:44.571  INFO 33314 --- [restartedMain] c.shopme.admin.ShopmeBackEndApplication  : No active profile set, falling back to default profiles: default
2021-06-17 14:01:44.951  INFO 33314 --- [restartedMain] .s.d.r.c.RepositoryConfigurationDelegate : Bootstrapping Spring Data JPA repositories in DEFAULT mode.
2021-06-17 14:01:44.974  INFO 33314 --- [restartedMain] .s.d.r.c.RepositoryConfigurationDelegate : Finished Spring Data repository scanning in 23 ms. Found 2 JPA repository interfaces.
2021-06-17 14:01:45.234  INFO 33314 --- [restartedMain] o.s.b.w.embedded.tomcat.TomcatWebServer  : Tomcat initialized with port(s): 8006 (http)
2021-06-17 14:01:45.235  INFO 33314 --- [restartedMain] o.apache.catalina.core.StandardService   : Starting service [Tomcat]
2021-06-17 14:01:45.235  INFO 33314 --- [restartedMain] org.apache.catalina.core.StandardEngine  : Starting Servlet engine: [Apache Tomcat/9.0.46]
2021-06-17 14:01:45.245  INFO 33314 --- [restartedMain] o.a.c.c.C.[.[localhost].[/ShopmeAdmin]   : Initializing Spring embedded WebApplicationContext
2021-06-17 14:01:45.245  INFO 33314 --- [restartedMain] w.s.c.ServletWebServerApplicationContext : Root WebApplicationContext: initialization completed in 670 ms
2021-06-17 14:01:45.318  INFO 33314 --- [restartedMain] o.hibernate.jpa.internal.util.LogHelper  : HHH000204: Processing PersistenceUnitInfo [name: default]
2021-06-17 14:01:45.327  INFO 33314 --- [restartedMain] com.zaxxer.hikari.HikariDataSource       : HikariPool-7 - Starting...
2021-06-17 14:01:45.341  INFO 33314 --- [restartedMain] com.zaxxer.hikari.HikariDataSource       : HikariPool-7 - Start completed.
2021-06-17 14:01:45.342  INFO 33314 --- [restartedMain] org.hibernate.dialect.Dialect            : HHH000400: Using dialect: org.hibernate.dialect.MySQL8Dialect
2021-06-17 14:01:45.501  INFO 33314 --- [restartedMain] o.h.e.t.j.p.i.JtaPlatformInitiator       : HHH000490: Using JtaPlatform implementation: [org.hibernate.engine.transaction.jta.platform.internal.NoJtaPlatform]
2021-06-17 14:01:45.501  INFO 33314 --- [restartedMain] j.LocalContainerEntityManagerFactoryBean : Initialized JPA EntityManagerFactory for persistence unit 'default'
2021-06-17 14:01:45.544  WARN 33314 --- [restartedMain] JpaBaseConfiguration$JpaWebConfiguration : spring.jpa.open-in-view is enabled by default. Therefore, database queries may be performed during view rendering. Explicitly configure spring.jpa.open-in-view to disable this warning
2021-06-17 14:01:45.756  INFO 33314 --- [restartedMain] o.s.s.web.DefaultSecurityFilterChain     : Will secure Ant [pattern='/images/**'] with []
2021-06-17 14:01:45.757  INFO 33314 --- [restartedMain] o.s.s.web.DefaultSecurityFilterChain     : Will secure Ant [pattern='/js/**'] with []
2021-06-17 14:01:45.757  INFO 33314 --- [restartedMain] o.s.s.web.DefaultSecurityFilterChain     : Will secure Ant [pattern='/webjars/**'] with []
2021-06-17 14:01:45.773  INFO 33314 --- [restartedMain] o.s.s.web.DefaultSecurityFilterChain     : Will secure any request with [org.springframework.security.web.context.request.async.WebAsyncManagerIntegrationFilter@1b6d037, org.springframework.security.web.context.SecurityContextPersistenceFilter@7bc84711, org.springframework.security.web.header.HeaderWriterFilter@a9f62ff, org.springframework.security.web.csrf.CsrfFilter@70e51026, org.springframework.security.web.authentication.logout.LogoutFilter@26e9ce43, org.springframework.security.web.authentication.UsernamePasswordAuthenticationFilter@50ab4520, org.springframework.security.web.savedrequest.RequestCacheAwareFilter@6d156e95, org.springframework.security.web.servletapi.SecurityContextHolderAwareRequestFilter@1c6c6152, org.springframework.security.web.authentication.rememberme.RememberMeAuthenticationFilter@20b6a427, org.springframework.security.web.authentication.AnonymousAuthenticationFilter@5d0fb647, org.springframework.security.web.session.SessionManagementFilter@23740779, org.springframework.security.web.access.ExceptionTranslationFilter@923fd00, org.springframework.security.web.access.intercept.FilterSecurityInterceptor@53b3bd5]
2021-06-17 14:01:45.892  INFO 33314 --- [restartedMain] o.s.b.a.w.s.WelcomePageHandlerMapping    : Adding welcome page template: index
2021-06-17 14:01:46.665  INFO 33314 --- [restartedMain] o.s.b.d.a.OptionalLiveReloadServer       : LiveReload server is running on port 35729
2021-06-17 14:01:46.681  INFO 33314 --- [restartedMain] o.s.b.w.embedded.tomcat.TomcatWebServer  : Tomcat started on port(s): 8006 (http) with context path '/ShopmeAdmin'
2021-06-17 14:01:46.690  INFO 33314 --- [restartedMain] c.shopme.admin.ShopmeBackEndApplication  : Started ShopmeBackEndApplication in 22.2 seconds (JVM running for 822.911)
2021-06-17 14:01:46.690  INFO 33314 --- [restartedMain] o.s.b.a.ApplicationAvailabilityBean      : Application availability state LivenessState changed to CORRECT
2021-06-17 14:01:46.694  INFO 33314 --- [restartedMain] .ConditionEvaluationDeltaLoggingListener : Condition evaluation unchanged
2021-06-17 14:01:46.695  INFO 33314 --- [restartedMain] o.s.b.a.ApplicationAvailabilityBean      : Application availability state ReadinessState changed to ACCEPTING_TRAFFIC
2021-06-17 14:02:14.470  INFO 33314 --- [Thread-50] o.s.b.a.ApplicationAvailabilityBean      : Application availability state ReadinessState changed from ACCEPTING_TRAFFIC to REFUSING_TRAFFIC
2021-06-17 14:02:14.597  INFO 33314 --- [Thread-50] j.LocalContainerEntityManagerFactoryBean : Closing JPA EntityManagerFactory for persistence unit 'default'
2021-06-17 14:02:14.607  INFO 33314 --- [Thread-50] com.zaxxer.hikari.HikariDataSource       : HikariPool-7 - Shutdown initiated...
2021-06-17 14:02:14.636  INFO 33314 --- [Thread-50] com.zaxxer.hikari.HikariDataSource       : HikariPool-7 - Shutdown completed.
2021-06-17 14:02:30.325  WARN 33314 --- [restartedMain] o.s.boot.StartupInfoLogger               : InetAddress.getLocalHost().getHostName() took 5001 milliseconds to respond. Please verify your network configuration (macOS machines may need to add entries to /etc/hosts).
2021-06-17 14:02:35.332  INFO 33314 --- [restartedMain] c.shopme.admin.ShopmeBackEndApplication  : Starting ShopmeBackEndApplication using Java 1.8.0_271 on JohnnydeMacBook-Air.local with PID 33314 (/Users/johnny/Desktop/Shopme/ShopmeProject/ShopmeWebParent/ShopmeBackEnd/target/classes started by johnny in /Users/johnny/Desktop/Shopme/ShopmeProject/ShopmeWebParent/ShopmeBackEnd)
2021-06-17 14:02:35.332  INFO 33314 --- [restartedMain] c.shopme.admin.ShopmeBackEndApplication  : No active profile set, falling back to default profiles: default
2021-06-17 14:02:35.989  INFO 33314 --- [restartedMain] .s.d.r.c.RepositoryConfigurationDelegate : Bootstrapping Spring Data JPA repositories in DEFAULT mode.
2021-06-17 14:02:36.014  INFO 33314 --- [restartedMain] .s.d.r.c.RepositoryConfigurationDelegate : Finished Spring Data repository scanning in 23 ms. Found 2 JPA repository interfaces.
2021-06-17 14:02:36.355  INFO 33314 --- [restartedMain] o.s.b.w.embedded.tomcat.TomcatWebServer  : Tomcat initialized with port(s): 8006 (http)
2021-06-17 14:02:36.356  INFO 33314 --- [restartedMain] o.apache.catalina.core.StandardService   : Starting service [Tomcat]
2021-06-17 14:02:36.356  INFO 33314 --- [restartedMain] org.apache.catalina.core.StandardEngine  : Starting Servlet engine: [Apache Tomcat/9.0.46]
2021-06-17 14:02:36.369  INFO 33314 --- [restartedMain] o.a.c.c.C.[.[localhost].[/ShopmeAdmin]   : Initializing Spring embedded WebApplicationContext
2021-06-17 14:02:36.369  INFO 33314 --- [restartedMain] w.s.c.ServletWebServerApplicationContext : Root WebApplicationContext: initialization completed in 1029 ms
2021-06-17 14:02:36.455  INFO 33314 --- [restartedMain] o.hibernate.jpa.internal.util.LogHelper  : HHH000204: Processing PersistenceUnitInfo [name: default]
2021-06-17 14:02:36.471  INFO 33314 --- [restartedMain] com.zaxxer.hikari.HikariDataSource       : HikariPool-8 - Starting...
2021-06-17 14:02:36.549  INFO 33314 --- [restartedMain] com.zaxxer.hikari.HikariDataSource       : HikariPool-8 - Start completed.
2021-06-17 14:02:36.550  INFO 33314 --- [restartedMain] org.hibernate.dialect.Dialect            : HHH000400: Using dialect: org.hibernate.dialect.MySQL8Dialect
2021-06-17 14:02:36.662  INFO 33314 --- [restartedMain] o.h.e.t.j.p.i.JtaPlatformInitiator       : HHH000490: Using JtaPlatform implementation: [org.hibernate.engine.transaction.jta.platform.internal.NoJtaPlatform]
2021-06-17 14:02:36.663  INFO 33314 --- [restartedMain] j.LocalContainerEntityManagerFactoryBean : Initialized JPA EntityManagerFactory for persistence unit 'default'
2021-06-17 14:02:36.714  WARN 33314 --- [restartedMain] JpaBaseConfiguration$JpaWebConfiguration : spring.jpa.open-in-view is enabled by default. Therefore, database queries may be performed during view rendering. Explicitly configure spring.jpa.open-in-view to disable this warning
2021-06-17 14:02:36.927  INFO 33314 --- [restartedMain] o.s.s.web.DefaultSecurityFilterChain     : Will secure Ant [pattern='/images/**'] with []
2021-06-17 14:02:36.928  INFO 33314 --- [restartedMain] o.s.s.web.DefaultSecurityFilterChain     : Will secure Ant [pattern='/js/**'] with []
2021-06-17 14:02:36.928  INFO 33314 --- [restartedMain] o.s.s.web.DefaultSecurityFilterChain     : Will secure Ant [pattern='/webjars/**'] with []
2021-06-17 14:02:36.946  INFO 33314 --- [restartedMain] o.s.s.web.DefaultSecurityFilterChain     : Will secure any request with [org.springframework.security.web.context.request.async.WebAsyncManagerIntegrationFilter@d22c977, org.springframework.security.web.context.SecurityContextPersistenceFilter@4b39d6ea, org.springframework.security.web.header.HeaderWriterFilter@6da33967, org.springframework.security.web.csrf.CsrfFilter@3b1cff26, org.springframework.security.web.authentication.logout.LogoutFilter@67b5a789, org.springframework.security.web.authentication.UsernamePasswordAuthenticationFilter@32eec7d, org.springframework.security.web.savedrequest.RequestCacheAwareFilter@6c55552, org.springframework.security.web.servletapi.SecurityContextHolderAwareRequestFilter@72593cec, org.springframework.security.web.authentication.rememberme.RememberMeAuthenticationFilter@591806e9, org.springframework.security.web.authentication.AnonymousAuthenticationFilter@66ca4f1a, org.springframework.security.web.session.SessionManagementFilter@1700eee3, org.springframework.security.web.access.ExceptionTranslationFilter@3d6e1be4, org.springframework.security.web.access.intercept.FilterSecurityInterceptor@60e17c5d]
2021-06-17 14:02:37.053  INFO 33314 --- [restartedMain] o.s.b.a.w.s.WelcomePageHandlerMapping    : Adding welcome page template: index
2021-06-17 14:02:37.566  INFO 33314 --- [restartedMain] o.s.b.d.a.OptionalLiveReloadServer       : LiveReload server is running on port 35729
2021-06-17 14:02:37.581  INFO 33314 --- [restartedMain] o.s.b.w.embedded.tomcat.TomcatWebServer  : Tomcat started on port(s): 8006 (http) with context path '/ShopmeAdmin'
2021-06-17 14:02:37.594  INFO 33314 --- [restartedMain] c.shopme.admin.ShopmeBackEndApplication  : Started ShopmeBackEndApplication in 22.327 seconds (JVM running for 873.814)
2021-06-17 14:02:37.596  INFO 33314 --- [restartedMain] o.s.b.a.ApplicationAvailabilityBean      : Application availability state LivenessState changed to CORRECT
2021-06-17 14:02:37.598  INFO 33314 --- [restartedMain] .ConditionEvaluationDeltaLoggingListener : Condition evaluation unchanged
2021-06-17 14:02:37.599  INFO 33314 --- [restartedMain] o.s.b.a.ApplicationAvailabilityBean      : Application availability state ReadinessState changed to ACCEPTING_TRAFFIC
2021-06-17 14:02:52.303  INFO 33314 --- [RMI TCP Connection(43)-127.0.0.1] inMXBeanRegistrar$SpringApplicationAdmin : Application shutdown requested.
2021-06-17 14:02:52.309  INFO 33314 --- [RMI TCP Connection(43)-127.0.0.1] o.s.b.a.ApplicationAvailabilityBean      : Application availability state ReadinessState changed from ACCEPTING_TRAFFIC to REFUSING_TRAFFIC
2021-06-17 14:03:11.067  WARN 35545 --- [background-preinit] o.s.h.c.j.Jackson2ObjectMapperBuilder    : For Jackson Kotlin classes support please add "com.fasterxml.jackson.module:jackson-module-kotlin" to the classpath
2021-06-17 14:03:15.821  WARN 35545 --- [restartedMain] o.s.boot.StartupInfoLogger               : InetAddress.getLocalHost().getHostName() took 5003 milliseconds to respond. Please verify your network configuration (macOS machines may need to add entries to /etc/hosts).
2021-06-17 14:03:20.832  INFO 35545 --- [restartedMain] c.shopme.admin.ShopmeBackEndApplication  : Starting ShopmeBackEndApplication using Java 1.8.0_271 on JohnnydeMacBook-Air.local with PID 35545 (/Users/johnny/Desktop/Shopme/ShopmeProject/ShopmeWebParent/ShopmeBackEnd/target/classes started by johnny in /Users/johnny/Desktop/Shopme/ShopmeProject/ShopmeWebParent/ShopmeBackEnd)
2021-06-17 14:03:20.874  INFO 35545 --- [restartedMain] c.shopme.admin.ShopmeBackEndApplication  : No active profile set, falling back to default profiles: default
2021-06-17 14:03:21.106  INFO 35545 --- [restartedMain] .e.DevToolsPropertyDefaultsPostProcessor : Devtools property defaults active! Set 'spring.devtools.add-properties' to 'false' to disable
2021-06-17 14:03:21.108  INFO 35545 --- [restartedMain] .e.DevToolsPropertyDefaultsPostProcessor : For additional web related logging consider setting the 'logging.level.web' property to 'DEBUG'
2021-06-17 14:03:22.444  INFO 35545 --- [restartedMain] .s.d.r.c.RepositoryConfigurationDelegate : Bootstrapping Spring Data JPA repositories in DEFAULT mode.
2021-06-17 14:03:22.559  INFO 35545 --- [restartedMain] .s.d.r.c.RepositoryConfigurationDelegate : Finished Spring Data repository scanning in 101 ms. Found 2 JPA repository interfaces.
2021-06-17 14:03:23.819  INFO 35545 --- [restartedMain] o.s.b.w.embedded.tomcat.TomcatWebServer  : Tomcat initialized with port(s): 8006 (http)
2021-06-17 14:03:23.838  INFO 35545 --- [restartedMain] o.apache.catalina.core.StandardService   : Starting service [Tomcat]
2021-06-17 14:03:23.839  INFO 35545 --- [restartedMain] org.apache.catalina.core.StandardEngine  : Starting Servlet engine: [Apache Tomcat/9.0.46]
2021-06-17 14:03:23.996  INFO 35545 --- [restartedMain] o.a.c.c.C.[.[localhost].[/ShopmeAdmin]   : Initializing Spring embedded WebApplicationContext
2021-06-17 14:03:23.997  INFO 35545 --- [restartedMain] w.s.c.ServletWebServerApplicationContext : Root WebApplicationContext: initialization completed in 2888 ms
2021-06-17 14:03:24.477  INFO 35545 --- [restartedMain] o.hibernate.jpa.internal.util.LogHelper  : HHH000204: Processing PersistenceUnitInfo [name: default]
2021-06-17 14:03:24.574  INFO 35545 --- [restartedMain] org.hibernate.Version                    : HHH000412: Hibernate ORM core version 5.4.31.Final
2021-06-17 14:03:25.060  INFO 35545 --- [restartedMain] o.hibernate.annotations.common.Version   : HCANN000001: Hibernate Commons Annotations {5.1.2.Final}
2021-06-17 14:03:25.280  INFO 35545 --- [restartedMain] com.zaxxer.hikari.HikariDataSource       : HikariPool-1 - Starting...
2021-06-17 14:03:25.581  INFO 35545 --- [restartedMain] com.zaxxer.hikari.HikariDataSource       : HikariPool-1 - Start completed.
2021-06-17 14:03:25.609  INFO 35545 --- [restartedMain] org.hibernate.dialect.Dialect            : HHH000400: Using dialect: org.hibernate.dialect.MySQL8Dialect
2021-06-17 14:03:27.152  INFO 35545 --- [restartedMain] o.h.e.t.j.p.i.JtaPlatformInitiator       : HHH000490: Using JtaPlatform implementation: [org.hibernate.engine.transaction.jta.platform.internal.NoJtaPlatform]
2021-06-17 14:03:27.171  INFO 35545 --- [restartedMain] j.LocalContainerEntityManagerFactoryBean : Initialized JPA EntityManagerFactory for persistence unit 'default'
2021-06-17 14:03:27.332  WARN 35545 --- [restartedMain] JpaBaseConfiguration$JpaWebConfiguration : spring.jpa.open-in-view is enabled by default. Therefore, database queries may be performed during view rendering. Explicitly configure spring.jpa.open-in-view to disable this warning
2021-06-17 14:03:28.805  INFO 35545 --- [restartedMain] o.s.s.web.DefaultSecurityFilterChain     : Will secure Ant [pattern='/images/**'] with []
2021-06-17 14:03:28.806  INFO 35545 --- [restartedMain] o.s.s.web.DefaultSecurityFilterChain     : Will secure Ant [pattern='/js/**'] with []
2021-06-17 14:03:28.806  INFO 35545 --- [restartedMain] o.s.s.web.DefaultSecurityFilterChain     : Will secure Ant [pattern='/webjars/**'] with []
2021-06-17 14:03:29.002  INFO 35545 --- [restartedMain] o.s.s.web.DefaultSecurityFilterChain     : Will secure any request with [org.springframework.security.web.context.request.async.WebAsyncManagerIntegrationFilter@f9a1e5b, org.springframework.security.web.context.SecurityContextPersistenceFilter@4a122026, org.springframework.security.web.header.HeaderWriterFilter@2925845d, org.springframework.security.web.csrf.CsrfFilter@78ede60e, org.springframework.security.web.authentication.logout.LogoutFilter@70b1b0ab, org.springframework.security.web.authentication.UsernamePasswordAuthenticationFilter@1fea1593, org.springframework.security.web.savedrequest.RequestCacheAwareFilter@4a281ca7, org.springframework.security.web.servletapi.SecurityContextHolderAwareRequestFilter@95eac19, org.springframework.security.web.authentication.rememberme.RememberMeAuthenticationFilter@726983d4, org.springframework.security.web.authentication.AnonymousAuthenticationFilter@5ca1b607, org.springframework.security.web.session.SessionManagementFilter@2146fab0, org.springframework.security.web.access.ExceptionTranslationFilter@49c1c9d, org.springframework.security.web.access.intercept.FilterSecurityInterceptor@69a81287]
2021-06-17 14:03:29.699  INFO 35545 --- [restartedMain] o.s.b.a.w.s.WelcomePageHandlerMapping    : Adding welcome page template: index
2021-06-17 14:03:30.889  INFO 35545 --- [restartedMain] o.s.b.d.a.OptionalLiveReloadServer       : LiveReload server is running on port 35729
2021-06-17 14:03:30.965  INFO 35545 --- [restartedMain] o.s.b.w.embedded.tomcat.TomcatWebServer  : Tomcat started on port(s): 8006 (http) with context path '/ShopmeAdmin'
2021-06-17 14:03:30.987  INFO 35545 --- [restartedMain] c.shopme.admin.ShopmeBackEndApplication  : Started ShopmeBackEndApplication in 30.949 seconds (JVM running for 37.501)
2021-06-17 14:03:30.990  INFO 35545 --- [restartedMain] o.s.b.a.ApplicationAvailabilityBean      : Application availability state LivenessState changed to CORRECT
2021-06-17 14:03:30.996  INFO 35545 --- [restartedMain] o.s.b.a.ApplicationAvailabilityBean      : Application availability state ReadinessState changed to ACCEPTING_TRAFFIC
2021-06-17 14:04:15.909  INFO 35545 --- [http-nio-8006-exec-1] o.a.c.c.C.[.[localhost].[/ShopmeAdmin]   : Initializing Spring DispatcherServlet 'dispatcherServlet'
2021-06-17 14:04:15.910  INFO 35545 --- [http-nio-8006-exec-1] o.s.web.servlet.DispatcherServlet        : Initializing Servlet 'dispatcherServlet'
2021-06-17 14:04:15.917  INFO 35545 --- [http-nio-8006-exec-1] o.s.web.servlet.DispatcherServlet        : Completed initialization in 5 ms
2021-06-17 14:05:46.001 ERROR 35545 --- [http-nio-8006-exec-4] com.shopme.admin.FileUploadUtil          : Could not list directory: user-photos/27
2021-06-17 14:10:05.371  INFO 35545 --- [Thread-8] o.s.b.a.ApplicationAvailabilityBean      : Application availability state ReadinessState changed from ACCEPTING_TRAFFIC to REFUSING_TRAFFIC
2021-06-17 14:10:05.493  INFO 35545 --- [Thread-8] j.LocalContainerEntityManagerFactoryBean : Closing JPA EntityManagerFactory for persistence unit 'default'
2021-06-17 14:10:05.513  INFO 35545 --- [Thread-8] com.zaxxer.hikari.HikariDataSource       : HikariPool-1 - Shutdown initiated...
2021-06-17 14:10:05.555  INFO 35545 --- [Thread-8] com.zaxxer.hikari.HikariDataSource       : HikariPool-1 - Shutdown completed.
